2020-12-26 16:04:44 WARNING (MainThread) [homeassistant.loader] You are using a custom integration for hacs which has not been tested by Home Assistant. This component might cause stability problems, be sure to disable it if you experience issues with Home Assistant.
2020-12-26 16:04:44 WARNING (MainThread) [homeassistant.loader] You are using a custom integration for apple_tv which has not been tested by Home Assistant. This component might cause stability problems, be sure to disable it if you experience issues with Home Assistant.
2020-12-26 16:04:44 WARNING (MainThread) [homeassistant.loader] You are using a custom integration for browser_mod which has not been tested by Home Assistant. This component might cause stability problems, be sure to disable it if you experience issues with Home Assistant.
2020-12-26 16:04:44 WARNING (MainThread) [homeassistant.loader] You are using a custom integration for meross_cloud which has not been tested by Home Assistant. This component might cause stability problems, be sure to disable it if you experience issues with Home Assistant.
2020-12-26 16:05:05 WARNING (MainThread) [custom_components.meross_cloud] 
===============================
Meross Cloud Custom component
Developed by Alberto Geniola
Low level library version: 0.4.1.0rc7
-------------------------------
This custom component is under development and not yet ready for production use.
In case of errors/misbehave, please report it here: 
https://github.com/albertogeniola/meross-homeassistant/issues

If you like this extension and you want to support it, please consider donating.
-------------------------------
List of devices reported by HTTP API:
- 電視機 (mss310) - OnlineStatus.ONLINE
- 睡房拖板 (mss425e) - OnlineStatus.ONLINE
===============================
2020-12-26 16:05:07 WARNING (MainThread) [pyatv.mrp.player_state] Received UpdateClientMessage for unknown player com.apple.TVAirPlay
2020-12-26 16:05:07 WARNING (MainThread) [pyatv.mrp.player_state] Received UpdateClientMessage for unknown player tv.viu.viutv
2020-12-26 16:05:18 WARNING (MainThread) [homeassistant.components.switch] Setup of switch platform meross_cloud is taking over 10 seconds.
2020-12-26 16:05:56 WARNING (MainThread) [homeassistant.helpers.service] Unable to find referenced entities media_player.htc_e8_hub
